<?xml version="1.0" encoding="UTF-8" ?>
<testsuites name="vitest tests" tests="548" failures="68" errors="0" time="7.280188124">
    <testsuite name="src/shared/domain/__tests__/DomainEvents.test.ts" timestamp="2025-08-09T13:38:10.814Z" hostname="MacBook-Egor.local" tests="17" failures="0" errors="0" skipped="0" time="0.013232959">
        <testcase classname="src/shared/domain/__tests__/DomainEvents.test.ts" name="Domain Events System &gt; DomainEvent base class &gt; should create event with required properties" time="0.001553041">
        </testcase>
        <testcase classname="src/shared/domain/__tests__/DomainEvents.test.ts" name="Domain Events System &gt; DomainEvent base class &gt; should generate unique event IDs" time="0.000190625">
        </testcase>
        <testcase classname="src/shared/domain/__tests__/DomainEvents.test.ts" name="Domain Events System &gt; TaskCreatedEvent &gt; should create event with task data" time="0.000228625">
        </testcase>
        <testcase classname="src/shared/domain/__tests__/DomainEvents.test.ts" name="Domain Events System &gt; TaskCompletedEvent &gt; should create event with completion data" time="0.000189792">
        </testcase>
        <testcase classname="src/shared/domain/__tests__/DomainEvents.test.ts" name="Domain Events System &gt; TaskCategoryChangedEvent &gt; should create event with category change data" time="0.000263666">
        </testcase>
        <testcase classname="src/shared/domain/__tests__/DomainEvents.test.ts" name="Domain Events System &gt; TaskReviewedEvent &gt; should create event with review data" time="0.000285458">
        </testcase>
        <testcase classname="src/shared/domain/__tests__/DomainEvents.test.ts" name="Domain Events System &gt; InMemoryEventBus &gt; publish &gt; should publish single event to subscribed handlers" time="0.003203">
        </testcase>
        <testcase classname="src/shared/domain/__tests__/DomainEvents.test.ts" name="Domain Events System &gt; InMemoryEventBus &gt; publish &gt; should not call handlers for different event types" time="0.002888208">
        </testcase>
        <testcase classname="src/shared/domain/__tests__/DomainEvents.test.ts" name="Domain Events System &gt; InMemoryEventBus &gt; publishAll &gt; should publish multiple events to appropriate handlers" time="0.000762209">
        </testcase>
        <testcase classname="src/shared/domain/__tests__/DomainEvents.test.ts" name="Domain Events System &gt; InMemoryEventBus &gt; publishAll &gt; should handle empty event array" time="0.000114042">
        </testcase>
        <testcase classname="src/shared/domain/__tests__/DomainEvents.test.ts" name="Domain Events System &gt; InMemoryEventBus &gt; subscribe &gt; should subscribe to specific event type" time="0.000190209">
        </testcase>
        <testcase classname="src/shared/domain/__tests__/DomainEvents.test.ts" name="Domain Events System &gt; InMemoryEventBus &gt; subscribe &gt; should support multiple handlers for same event type" time="0.000334958">
        </testcase>
        <testcase classname="src/shared/domain/__tests__/DomainEvents.test.ts" name="Domain Events System &gt; InMemoryEventBus &gt; subscribe &gt; should handle async handlers" time="0.000396">
        </testcase>
        <testcase classname="src/shared/domain/__tests__/DomainEvents.test.ts" name="Domain Events System &gt; InMemoryEventBus &gt; subscribe &gt; should handle handler errors gracefully" time="0.000884541">
        </testcase>
        <testcase classname="src/shared/domain/__tests__/DomainEvents.test.ts" name="Domain Events System &gt; InMemoryEventBus &gt; subscribeToAll &gt; should subscribe to all event types" time="0.000294458">
        </testcase>
        <testcase classname="src/shared/domain/__tests__/DomainEvents.test.ts" name="Domain Events System &gt; InMemoryEventBus &gt; clear &gt; should clear all subscriptions" time="0.000144583">
        </testcase>
        <testcase classname="src/shared/domain/__tests__/DomainEvents.test.ts" name="Domain Events System &gt; InMemoryEventBus &gt; unsubscribe &gt; should remove specific handler when unsubscribed" time="0.000120333">
        </testcase>
    </testsuite>
    <testsuite name="src/shared/domain/__tests__/Result.test.ts" timestamp="2025-08-09T13:38:10.817Z" hostname="MacBook-Egor.local" tests="12" failures="0" errors="0" skipped="0" time="0.003202375">
        <testcase classname="src/shared/domain/__tests__/Result.test.ts" name="Result &gt; factory methods &gt; should create successful result" time="0.000824167">
        </testcase>
        <testcase classname="src/shared/domain/__tests__/Result.test.ts" name="Result &gt; factory methods &gt; should create failure result" time="0.000113417">
        </testcase>
        <testcase classname="src/shared/domain/__tests__/Result.test.ts" name="Result &gt; type guards &gt; should identify successful results" time="0.000089333">
        </testcase>
        <testcase classname="src/shared/domain/__tests__/Result.test.ts" name="Result &gt; type guards &gt; should identify failure results" time="0.000066833">
        </testcase>
        <testcase classname="src/shared/domain/__tests__/Result.test.ts" name="Result &gt; map operations &gt; should map successful values" time="0.000144875">
        </testcase>
        <testcase classname="src/shared/domain/__tests__/Result.test.ts" name="Result &gt; map operations &gt; should not map failure values" time="0.000075333">
        </testcase>
        <testcase classname="src/shared/domain/__tests__/Result.test.ts" name="Result &gt; map operations &gt; should map error values" time="0.000066291">
        </testcase>
        <testcase classname="src/shared/domain/__tests__/Result.test.ts" name="Result &gt; flatMap &gt; should chain successful operations" time="0.000066416">
        </testcase>
        <testcase classname="src/shared/domain/__tests__/Result.test.ts" name="Result &gt; flatMap &gt; should not chain on failure" time="0.00021525">
        </testcase>
        <testcase classname="src/shared/domain/__tests__/Result.test.ts" name="Result &gt; unwrap operations &gt; should unwrap successful values" time="0.000066416">
        </testcase>
        <testcase classname="src/shared/domain/__tests__/Result.test.ts" name="Result &gt; unwrap operations &gt; should throw on unwrap failure" time="0.00032875">
        </testcase>
        <testcase classname="src/shared/domain/__tests__/Result.test.ts" name="Result &gt; unwrap operations &gt; should return value or default" time="0.000067625">
        </testcase>
    </testsuite>
    <testsuite name="src/shared/domain/__tests__/Task.test.ts" timestamp="2025-08-09T13:38:10.818Z" hostname="MacBook-Egor.local" tests="33" failures="0" errors="0" skipped="0" time="0.0638185">
        <testcase classname="src/shared/domain/__tests__/Task.test.ts" name="Task Entity &gt; constructor &gt; should create task with required fields" time="0.00127525">
        </testcase>
        <testcase classname="src/shared/domain/__tests__/Task.test.ts" name="Task Entity &gt; constructor &gt; should set inboxEnteredAt for INBOX tasks" time="0.000125125">
        </testcase>
        <testcase classname="src/shared/domain/__tests__/Task.test.ts" name="Task Entity &gt; constructor &gt; should not set inboxEnteredAt for non-INBOX tasks" time="0.000077167">
        </testcase>
        <testcase classname="src/shared/domain/__tests__/Task.test.ts" name="Task Entity &gt; constructor &gt; should mark non-INBOX tasks as reviewed" time="0.00006075">
        </testcase>
        <testcase classname="src/shared/domain/__tests__/Task.test.ts" name="Task Entity &gt; constructor &gt; should not mark INBOX tasks as reviewed initially" time="0.000118417">
        </testcase>
        <testcase classname="src/shared/domain/__tests__/Task.test.ts" name="Task Entity &gt; create factory method &gt; should create task and emit creation event" time="0.000783916">
        </testcase>
        <testcase classname="src/shared/domain/__tests__/Task.test.ts" name="Task Entity &gt; create factory method &gt; should set inboxEnteredAt for INBOX tasks" time="0.000077833">
        </testcase>
        <testcase classname="src/shared/domain/__tests__/Task.test.ts" name="Task Entity &gt; changeCategory &gt; should change category and emit category changed event" time="0.00026325">
        </testcase>
        <testcase classname="src/shared/domain/__tests__/Task.test.ts" name="Task Entity &gt; changeCategory &gt; should emit review event when moving from INBOX for first time" time="0.000256875">
        </testcase>
        <testcase classname="src/shared/domain/__tests__/Task.test.ts" name="Task Entity &gt; changeCategory &gt; should not emit review event when already reviewed" time="0.00033875">
        </testcase>
        <testcase classname="src/shared/domain/__tests__/Task.test.ts" name="Task Entity &gt; changeCategory &gt; should return empty array when category is the same" time="0.000498125">
        </testcase>
        <testcase classname="src/shared/domain/__tests__/Task.test.ts" name="Task Entity &gt; changeCategory &gt; should throw error when task is deleted" time="0.000245417">
        </testcase>
        <testcase classname="src/shared/domain/__tests__/Task.test.ts" name="Task Entity &gt; changeCategory &gt; should update updatedAt timestamp" time="0.050818916">
        </testcase>
        <testcase classname="src/shared/domain/__tests__/Task.test.ts" name="Task Entity &gt; complete &gt; should complete task and emit completion event" time="0.000349292">
        </testcase>
        <testcase classname="src/shared/domain/__tests__/Task.test.ts" name="Task Entity &gt; complete &gt; should return empty array when already completed" time="0.000094792">
        </testcase>
        <testcase classname="src/shared/domain/__tests__/Task.test.ts" name="Task Entity &gt; complete &gt; should throw error when task is deleted" time="0.000068958">
        </testcase>
        <testcase classname="src/shared/domain/__tests__/Task.test.ts" name="Task Entity &gt; complete &gt; should update updatedAt timestamp" time="0.001949667">
        </testcase>
        <testcase classname="src/shared/domain/__tests__/Task.test.ts" name="Task Entity &gt; revertCompletion &gt; should revert completion and emit revert event" time="0.000230875">
        </testcase>
        <testcase classname="src/shared/domain/__tests__/Task.test.ts" name="Task Entity &gt; revertCompletion &gt; should return empty array when already active" time="0.000232708">
        </testcase>
        <testcase classname="src/shared/domain/__tests__/Task.test.ts" name="Task Entity &gt; revertCompletion &gt; should throw error when task is deleted" time="0.000106167">
        </testcase>
        <testcase classname="src/shared/domain/__tests__/Task.test.ts" name="Task Entity &gt; changeTitle &gt; should change title and emit title changed event" time="0.000283125">
        </testcase>
        <testcase classname="src/shared/domain/__tests__/Task.test.ts" name="Task Entity &gt; changeTitle &gt; should return empty array when title is the same" time="0.000079542">
        </testcase>
        <testcase classname="src/shared/domain/__tests__/Task.test.ts" name="Task Entity &gt; changeTitle &gt; should throw error when task is deleted" time="0.000062084">
        </testcase>
        <testcase classname="src/shared/domain/__tests__/Task.test.ts" name="Task Entity &gt; isOverdue &gt; should return true for overdue INBOX tasks" time="0.000135959">
        </testcase>
        <testcase classname="src/shared/domain/__tests__/Task.test.ts" name="Task Entity &gt; isOverdue &gt; should return false for non-overdue INBOX tasks" time="0.000053">
        </testcase>
        <testcase classname="src/shared/domain/__tests__/Task.test.ts" name="Task Entity &gt; isOverdue &gt; should return false for non-INBOX tasks" time="0.000039833">
        </testcase>
        <testcase classname="src/shared/domain/__tests__/Task.test.ts" name="Task Entity &gt; isOverdue &gt; should return false for completed INBOX tasks" time="0.000038583">
        </testcase>
        <testcase classname="src/shared/domain/__tests__/Task.test.ts" name="Task Entity &gt; isOverdue &gt; should return false when inboxEnteredAt is not set" time="0.000040375">
        </testcase>
        <testcase classname="src/shared/domain/__tests__/Task.test.ts" name="Task Entity &gt; softDelete &gt; should soft delete task and emit deletion event" time="0.000119125">
        </testcase>
        <testcase classname="src/shared/domain/__tests__/Task.test.ts" name="Task Entity &gt; softDelete &gt; should return empty array when already deleted" time="0.000114334">
        </testcase>
        <testcase classname="src/shared/domain/__tests__/Task.test.ts" name="Task Entity &gt; touch &gt; should update updatedAt timestamp" time="0.002839">
        </testcase>
        <testcase classname="src/shared/domain/__tests__/Task.test.ts" name="Task Entity &gt; copyWith &gt; should create copy with updated fields" time="0.000223334">
        </testcase>
        <testcase classname="src/shared/domain/__tests__/Task.test.ts" name="Task Entity &gt; copyWith &gt; should preserve original fields when not updated" time="0.000099792">
        </testcase>
    </testsuite>
    <testsuite name="src/shared/domain/__tests__/ValueObject.test.ts" timestamp="2025-08-09T13:38:10.826Z" hostname="MacBook-Egor.local" tests="6" failures="0" errors="0" skipped="0" time="0.01781075">
        <testcase classname="src/shared/domain/__tests__/ValueObject.test.ts" name="ValueObject &gt; construction and validation &gt; should create a valid value object" time="0.003997209">
        </testcase>
        <testcase classname="src/shared/domain/__tests__/ValueObject.test.ts" name="ValueObject &gt; construction and validation &gt; should throw error for invalid value" time="0.007779833">
        </testcase>
        <testcase classname="src/shared/domain/__tests__/ValueObject.test.ts" name="ValueObject &gt; equality &gt; should be equal when values are the same" time="0.00020825">
        </testcase>
        <testcase classname="src/shared/domain/__tests__/ValueObject.test.ts" name="ValueObject &gt; equality &gt; should not be equal when values are different" time="0.000069583">
        </testcase>
        <testcase classname="src/shared/domain/__tests__/ValueObject.test.ts" name="ValueObject &gt; equality &gt; should not be equal when types are different" time="0.000133667">
        </testcase>
        <testcase classname="src/shared/domain/__tests__/ValueObject.test.ts" name="ValueObject &gt; toString &gt; should return string representation of value" time="0.000087084">
        </testcase>
    </testsuite>
    <testsuite name="src/shared/application/use-cases/__tests__/AddTaskToTodayUseCase.test.ts" timestamp="2025-08-09T13:38:10.827Z" hostname="MacBook-Egor.local" tests="6" failures="0" errors="0" skipped="0" time="0.00456275">
        <testcase classname="src/shared/application/use-cases/__tests__/AddTaskToTodayUseCase.test.ts" name="AddTaskToTodayUseCase &gt; execute &gt; should add task to today successfully" time="0.002354916">
        </testcase>
        <testcase classname="src/shared/application/use-cases/__tests__/AddTaskToTodayUseCase.test.ts" name="AddTaskToTodayUseCase &gt; execute &gt; should add task to specific date successfully" time="0.000380666">
        </testcase>
        <testcase classname="src/shared/application/use-cases/__tests__/AddTaskToTodayUseCase.test.ts" name="AddTaskToTodayUseCase &gt; execute &gt; should fail with invalid task ID" time="0.000223166">
        </testcase>
        <testcase classname="src/shared/application/use-cases/__tests__/AddTaskToTodayUseCase.test.ts" name="AddTaskToTodayUseCase &gt; execute &gt; should fail when task not found" time="0.0003385">
        </testcase>
        <testcase classname="src/shared/application/use-cases/__tests__/AddTaskToTodayUseCase.test.ts" name="AddTaskToTodayUseCase &gt; execute &gt; should fail with invalid date format" time="0.00023725">
        </testcase>
        <testcase classname="src/shared/application/use-cases/__tests__/AddTaskToTodayUseCase.test.ts" name="AddTaskToTodayUseCase &gt; execute &gt; should handle repository failure" time="0.000293084">
        </testcase>
    </testsuite>
    <testsuite name="src/shared/application/use-cases/__tests__/CompleteTaskUseCase.test.ts" timestamp="2025-08-09T13:38:10.827Z" hostname="MacBook-Egor.local" tests="7" failures="3" errors="0" skipped="0" time="0.014991375">
        <testcase classname="src/shared/application/use-cases/__tests__/CompleteTaskUseCase.test.ts" name="CompleteTaskUseCase &gt; execute &gt; should complete a task successfully" time="0.005315375">
        </testcase>
        <testcase classname="src/shared/application/use-cases/__tests__/CompleteTaskUseCase.test.ts" name="CompleteTaskUseCase &gt; execute &gt; should fail with invalid task ID" time="0.000943292">
        </testcase>
        <testcase classname="src/shared/application/use-cases/__tests__/CompleteTaskUseCase.test.ts" name="CompleteTaskUseCase &gt; execute &gt; should fail when task not found" time="0.000310625">
        </testcase>
        <testcase classname="src/shared/application/use-cases/__tests__/CompleteTaskUseCase.test.ts" name="CompleteTaskUseCase &gt; execute &gt; should handle already completed task gracefully" time="0.003250375">
            <failure message="Cannot read properties of undefined (reading &apos;0&apos;)" type="TypeError">
TypeError: Cannot read properties of undefined (reading &apos;0&apos;)
 ❯ src/shared/application/use-cases/__tests__/CompleteTaskUseCase.test.ts:185:17
            </failure>
        </testcase>
        <testcase classname="src/shared/application/use-cases/__tests__/CompleteTaskUseCase.test.ts" name="CompleteTaskUseCase &gt; execute &gt; should handle repository save failure" time="0.002967167">
            <failure message="expected &apos;TRANSACTION_FAILED&apos; to be &apos;COMPLETION_FAILED&apos; // Object.is equality" type="AssertionError">
AssertionError: expected &apos;TRANSACTION_FAILED&apos; to be &apos;COMPLETION_FAILED&apos; // Object.is equality

Expected: &quot;COMPLETION_FAILED&quot;
Received: &quot;TRANSACTION_FAILED&quot;

 ❯ src/shared/application/use-cases/__tests__/CompleteTaskUseCase.test.ts:215:35
            </failure>
        </testcase>
        <testcase classname="src/shared/application/use-cases/__tests__/CompleteTaskUseCase.test.ts" name="CompleteTaskUseCase &gt; execute &gt; should handle event bus failure" time="0.000735667">
            <failure message="expected &apos;TRANSACTION_FAILED&apos; to be &apos;COMPLETION_FAILED&apos; // Object.is equality" type="AssertionError">
AssertionError: expected &apos;TRANSACTION_FAILED&apos; to be &apos;COMPLETION_FAILED&apos; // Object.is equality

Expected: &quot;COMPLETION_FAILED&quot;
Received: &quot;TRANSACTION_FAILED&quot;

 ❯ src/shared/application/use-cases/__tests__/CompleteTaskUseCase.test.ts:250:35
            </failure>
        </testcase>
        <testcase classname="src/shared/application/use-cases/__tests__/CompleteTaskUseCase.test.ts" name="CompleteTaskUseCase &gt; execute &gt; should complete task with correct category at completion" time="0.000201958">
        </testcase>
    </testsuite>
    <testsuite name="src/shared/application/use-cases/__tests__/CreateSystemLogUseCase.test.ts" timestamp="2025-08-09T13:38:10.832Z" hostname="MacBook-Egor.local" tests="11" failures="0" errors="0" skipped="0" time="0.005806625">
        <testcase classname="src/shared/application/use-cases/__tests__/CreateSystemLogUseCase.test.ts" name="CreateSystemLogUseCase &gt; execute &gt; should create system log with auto-generated message" time="0.002841042">
        </testcase>
        <testcase classname="src/shared/application/use-cases/__tests__/CreateSystemLogUseCase.test.ts" name="CreateSystemLogUseCase &gt; execute &gt; should create system log with custom message" time="0.000392042">
        </testcase>
        <testcase classname="src/shared/application/use-cases/__tests__/CreateSystemLogUseCase.test.ts" name="CreateSystemLogUseCase &gt; execute &gt; should generate correct message for category change" time="0.000193416">
        </testcase>
        <testcase classname="src/shared/application/use-cases/__tests__/CreateSystemLogUseCase.test.ts" name="CreateSystemLogUseCase &gt; execute &gt; should generate correct message for task completion" time="0.000204833">
        </testcase>
        <testcase classname="src/shared/application/use-cases/__tests__/CreateSystemLogUseCase.test.ts" name="CreateSystemLogUseCase &gt; execute &gt; should generate correct message for title change" time="0.000207167">
        </testcase>
        <testcase classname="src/shared/application/use-cases/__tests__/CreateSystemLogUseCase.test.ts" name="CreateSystemLogUseCase &gt; execute &gt; should generate correct message for overdue task" time="0.000194375">
        </testcase>
        <testcase classname="src/shared/application/use-cases/__tests__/CreateSystemLogUseCase.test.ts" name="CreateSystemLogUseCase &gt; execute &gt; should generate correct message for conflict resolution" time="0.000111083">
        </testcase>
        <testcase classname="src/shared/application/use-cases/__tests__/CreateSystemLogUseCase.test.ts" name="CreateSystemLogUseCase &gt; execute &gt; should fail with invalid task ID" time="0.000174208">
        </testcase>
        <testcase classname="src/shared/application/use-cases/__tests__/CreateSystemLogUseCase.test.ts" name="CreateSystemLogUseCase &gt; execute &gt; should handle database failure" time="0.000333375">
        </testcase>
        <testcase classname="src/shared/application/use-cases/__tests__/CreateSystemLogUseCase.test.ts" name="CreateSystemLogUseCase &gt; execute &gt; should handle unknown action gracefully" time="0.000136958">
        </testcase>
        <testcase classname="src/shared/application/use-cases/__tests__/CreateSystemLogUseCase.test.ts" name="CreateSystemLogUseCase &gt; execute &gt; should include createdAt timestamp" time="0.000232042">
        </testcase>
    </testsuite>
    <testsuite name="src/shared/application/use-cases/__tests__/CreateTaskUseCase.test.ts" timestamp="2025-08-09T13:38:10.833Z" hostname="MacBook-Egor.local" tests="6" failures="1" errors="0" skipped="0" time="0.062535458">
        <testcase classname="src/shared/application/use-cases/__tests__/CreateTaskUseCase.test.ts" name="CreateTaskUseCase &gt; execute &gt; should create a task successfully" time="0.015253375">
        </testcase>
        <testcase classname="src/shared/application/use-cases/__tests__/CreateTaskUseCase.test.ts" name="CreateTaskUseCase &gt; execute &gt; should fail with empty title" time="0.021685333">
            <failure message="expected &apos;Title cannot be empty&apos; to contain &apos;title cannot be empty&apos;" type="AssertionError">
AssertionError: expected &apos;Title cannot be empty&apos; to contain &apos;title cannot be empty&apos;

Expected: &quot;title cannot be empty&quot;
Received: &quot;Title cannot be empty&quot;

 ❯ src/shared/application/use-cases/__tests__/CreateTaskUseCase.test.ts:114:38
            </failure>
        </testcase>
        <testcase classname="src/shared/application/use-cases/__tests__/CreateTaskUseCase.test.ts" name="CreateTaskUseCase &gt; execute &gt; should fail with whitespace-only title" time="0.000329375">
        </testcase>
        <testcase classname="src/shared/application/use-cases/__tests__/CreateTaskUseCase.test.ts" name="CreateTaskUseCase &gt; execute &gt; should handle repository save failure" time="0.000381209">
        </testcase>
        <testcase classname="src/shared/application/use-cases/__tests__/CreateTaskUseCase.test.ts" name="CreateTaskUseCase &gt; execute &gt; should handle event bus failure" time="0.000642834">
        </testcase>
        <testcase classname="src/shared/application/use-cases/__tests__/CreateTaskUseCase.test.ts" name="CreateTaskUseCase &gt; execute &gt; should create INBOX task with correct category" time="0.000173458">
        </testcase>
    </testsuite>
    <testsuite name="src/shared/application/use-cases/__tests__/CreateUserLogUseCase.test.ts" timestamp="2025-08-09T13:38:10.834Z" hostname="MacBook-Egor.local" tests="11" failures="0" errors="0" skipped="0" time="0.007407083">
        <testcase classname="src/shared/application/use-cases/__tests__/CreateUserLogUseCase.test.ts" name="CreateUserLogUseCase &gt; execute &gt; should create user log with task ID" time="0.0039735">
        </testcase>
        <testcase classname="src/shared/application/use-cases/__tests__/CreateUserLogUseCase.test.ts" name="CreateUserLogUseCase &gt; execute &gt; should create custom log without task ID" time="0.000386333">
        </testcase>
        <testcase classname="src/shared/application/use-cases/__tests__/CreateUserLogUseCase.test.ts" name="CreateUserLogUseCase &gt; execute &gt; should trim whitespace from message" time="0.000187708">
        </testcase>
        <testcase classname="src/shared/application/use-cases/__tests__/CreateUserLogUseCase.test.ts" name="CreateUserLogUseCase &gt; execute &gt; should fail with empty message" time="0.000237709">
        </testcase>
        <testcase classname="src/shared/application/use-cases/__tests__/CreateUserLogUseCase.test.ts" name="CreateUserLogUseCase &gt; execute &gt; should fail with whitespace-only message" time="0.000240375">
        </testcase>
        <testcase classname="src/shared/application/use-cases/__tests__/CreateUserLogUseCase.test.ts" name="CreateUserLogUseCase &gt; execute &gt; should fail with message exceeding 500 characters" time="0.000125333">
        </testcase>
        <testcase classname="src/shared/application/use-cases/__tests__/CreateUserLogUseCase.test.ts" name="CreateUserLogUseCase &gt; execute &gt; should accept message with exactly 500 characters" time="0.000156416">
        </testcase>
        <testcase classname="src/shared/application/use-cases/__tests__/CreateUserLogUseCase.test.ts" name="CreateUserLogUseCase &gt; execute &gt; should fail with invalid task ID" time="0.000148167">
        </testcase>
        <testcase classname="src/shared/application/use-cases/__tests__/CreateUserLogUseCase.test.ts" name="CreateUserLogUseCase &gt; execute &gt; should handle database failure" time="0.000403167">
        </testcase>
        <testcase classname="src/shared/application/use-cases/__tests__/CreateUserLogUseCase.test.ts" name="CreateUserLogUseCase &gt; execute &gt; should include createdAt timestamp" time="0.000176">
        </testcase>
        <testcase classname="src/shared/application/use-cases/__tests__/CreateUserLogUseCase.test.ts" name="CreateUserLogUseCase &gt; getMaxMessageLength &gt; should return correct maximum message length" time="0.000048667">
        </testcase>
    </testsuite>
    <testsuite name="src/shared/application/use-cases/__tests__/GetTaskLogsUseCase.test.ts" timestamp="2025-08-09T13:38:10.835Z" hostname="MacBook-Egor.local" tests="14" failures="0" errors="0" skipped="0" time="0.009351667">
        <testcase classname="src/shared/application/use-cases/__tests__/GetTaskLogsUseCase.test.ts" name="GetTaskLogsUseCase &gt; execute &gt; should get all logs with default pagination" time="0.002426709">
        </testcase>
        <testcase classname="src/shared/application/use-cases/__tests__/GetTaskLogsUseCase.test.ts" name="GetTaskLogsUseCase &gt; execute &gt; should filter logs by task ID" time="0.000606042">
        </testcase>
        <testcase classname="src/shared/application/use-cases/__tests__/GetTaskLogsUseCase.test.ts" name="GetTaskLogsUseCase &gt; execute &gt; should filter logs by type" time="0.000332416">
        </testcase>
        <testcase classname="src/shared/application/use-cases/__tests__/GetTaskLogsUseCase.test.ts" name="GetTaskLogsUseCase &gt; execute &gt; should handle pagination correctly" time="0.001247667">
        </testcase>
        <testcase classname="src/shared/application/use-cases/__tests__/GetTaskLogsUseCase.test.ts" name="GetTaskLogsUseCase &gt; execute &gt; should handle ascending sort order" time="0.000649125">
        </testcase>
        <testcase classname="src/shared/application/use-cases/__tests__/GetTaskLogsUseCase.test.ts" name="GetTaskLogsUseCase &gt; execute &gt; should limit page size to maximum" time="0.0002245">
        </testcase>
        <testcase classname="src/shared/application/use-cases/__tests__/GetTaskLogsUseCase.test.ts" name="GetTaskLogsUseCase &gt; execute &gt; should handle minimum page and page size" time="0.000321125">
        </testcase>
        <testcase classname="src/shared/application/use-cases/__tests__/GetTaskLogsUseCase.test.ts" name="GetTaskLogsUseCase &gt; execute &gt; should fail with invalid task ID" time="0.000219542">
        </testcase>
        <testcase classname="src/shared/application/use-cases/__tests__/GetTaskLogsUseCase.test.ts" name="GetTaskLogsUseCase &gt; execute &gt; should handle database failure" time="0.000432417">
        </testcase>
        <testcase classname="src/shared/application/use-cases/__tests__/GetTaskLogsUseCase.test.ts" name="GetTaskLogsUseCase &gt; execute &gt; should convert database records to log entries correctly" time="0.000390458">
        </testcase>
        <testcase classname="src/shared/application/use-cases/__tests__/GetTaskLogsUseCase.test.ts" name="GetTaskLogsUseCase &gt; getLogsForTask &gt; should get logs for specific task with default settings" time="0.000205125">
        </testcase>
        <testcase classname="src/shared/application/use-cases/__tests__/GetTaskLogsUseCase.test.ts" name="GetTaskLogsUseCase &gt; getRecentLogs &gt; should get recent logs with default limit" time="0.000205042">
        </testcase>
        <testcase classname="src/shared/application/use-cases/__tests__/GetTaskLogsUseCase.test.ts" name="GetTaskLogsUseCase &gt; getRecentLogs &gt; should respect custom limit" time="0.000144584">
        </testcase>
        <testcase classname="src/shared/application/use-cases/__tests__/GetTaskLogsUseCase.test.ts" name="GetTaskLogsUseCase &gt; getRecentLogs &gt; should limit to maximum page size" time="0.00012275">
        </testcase>
    </testsuite>
    <testsuite name="src/shared/application/use-cases/__tests__/GetTodayTasksUseCase.test.ts" timestamp="2025-08-09T13:38:10.837Z" hostname="MacBook-Egor.local" tests="8" failures="0" errors="0" skipped="0" time="0.013234667">
        <testcase classname="src/shared/application/use-cases/__tests__/GetTodayTasksUseCase.test.ts" name="GetTodayTasksUseCase &gt; execute &gt; should get today&apos;s tasks successfully" time="0.008953417">
        </testcase>
        <testcase classname="src/shared/application/use-cases/__tests__/GetTodayTasksUseCase.test.ts" name="GetTodayTasksUseCase &gt; execute &gt; should get tasks for specific date" time="0.00039">
        </testcase>
        <testcase classname="src/shared/application/use-cases/__tests__/GetTodayTasksUseCase.test.ts" name="GetTodayTasksUseCase &gt; execute &gt; should filter out completed tasks when requested" time="0.001130917">
        </testcase>
        <testcase classname="src/shared/application/use-cases/__tests__/GetTodayTasksUseCase.test.ts" name="GetTodayTasksUseCase &gt; execute &gt; should handle deleted tasks gracefully" time="0.000591333">
        </testcase>
        <testcase classname="src/shared/application/use-cases/__tests__/GetTodayTasksUseCase.test.ts" name="GetTodayTasksUseCase &gt; execute &gt; should handle missing tasks gracefully" time="0.00025175">
        </testcase>
        <testcase classname="src/shared/application/use-cases/__tests__/GetTodayTasksUseCase.test.ts" name="GetTodayTasksUseCase &gt; execute &gt; should return empty result when no tasks selected" time="0.000197125">
        </testcase>
        <testcase classname="src/shared/application/use-cases/__tests__/GetTodayTasksUseCase.test.ts" name="GetTodayTasksUseCase &gt; execute &gt; should fail with invalid date format" time="0.000138125">
        </testcase>
        <testcase classname="src/shared/application/use-cases/__tests__/GetTodayTasksUseCase.test.ts" name="GetTodayTasksUseCase &gt; execute &gt; should handle repository failure" time="0.000243375">
        </testcase>
    </testsuite>
    <testsuite name="src/shared/application/use-cases/__tests__/RemoveTaskFromTodayUseCase.test.ts" timestamp="2025-08-09T13:38:10.837Z" hostname="MacBook-Egor.local" tests="6" failures="0" errors="0" skipped="0" time="0.060893083">
        <testcase classname="src/shared/application/use-cases/__tests__/RemoveTaskFromTodayUseCase.test.ts" name="RemoveTaskFromTodayUseCase &gt; execute &gt; should remove task from today successfully" time="0.02712275">
        </testcase>
        <testcase classname="src/shared/application/use-cases/__tests__/RemoveTaskFromTodayUseCase.test.ts" name="RemoveTaskFromTodayUseCase &gt; execute &gt; should remove task from specific date successfully" time="0.004449334">
        </testcase>
        <testcase classname="src/shared/application/use-cases/__tests__/RemoveTaskFromTodayUseCase.test.ts" name="RemoveTaskFromTodayUseCase &gt; execute &gt; should fail with invalid task ID" time="0.003766334">
        </testcase>
        <testcase classname="src/shared/application/use-cases/__tests__/RemoveTaskFromTodayUseCase.test.ts" name="RemoveTaskFromTodayUseCase &gt; execute &gt; should fail with invalid date format" time="0.006254667">
        </testcase>
        <testcase classname="src/shared/application/use-cases/__tests__/RemoveTaskFromTodayUseCase.test.ts" name="RemoveTaskFromTodayUseCase &gt; execute &gt; should handle repository failure" time="0.00121075">
        </testcase>
        <testcase classname="src/shared/application/use-cases/__tests__/RemoveTaskFromTodayUseCase.test.ts" name="RemoveTaskFromTodayUseCase &gt; execute &gt; should handle non-existent task gracefully" time="0.000399875">
        </testcase>
    </testsuite>
    <testsuite name="src/shared/application/use-cases/__tests__/UpdateTaskUseCase.test.ts" timestamp="2025-08-09T13:38:10.838Z" hostname="MacBook-Egor.local" tests="9" failures="1" errors="0" skipped="0" time="0.038518458">
        <testcase classname="src/shared/application/use-cases/__tests__/UpdateTaskUseCase.test.ts" name="UpdateTaskUseCase &gt; execute &gt; should update task title successfully" time="0.007333334">
        </testcase>
        <testcase classname="src/shared/application/use-cases/__tests__/UpdateTaskUseCase.test.ts" name="UpdateTaskUseCase &gt; execute &gt; should update task category successfully" time="0.000592375">
        </testcase>
        <testcase classname="src/shared/application/use-cases/__tests__/UpdateTaskUseCase.test.ts" name="UpdateTaskUseCase &gt; execute &gt; should update both title and category successfully" time="0.0004235">
        </testcase>
        <testcase classname="src/shared/application/use-cases/__tests__/UpdateTaskUseCase.test.ts" name="UpdateTaskUseCase &gt; execute &gt; should fail with invalid task ID" time="0.000225209">
        </testcase>
        <testcase classname="src/shared/application/use-cases/__tests__/UpdateTaskUseCase.test.ts" name="UpdateTaskUseCase &gt; execute &gt; should fail when task not found" time="0.000301292">
        </testcase>
        <testcase classname="src/shared/application/use-cases/__tests__/UpdateTaskUseCase.test.ts" name="UpdateTaskUseCase &gt; execute &gt; should fail with empty title" time="0.000437417">
        </testcase>
        <testcase classname="src/shared/application/use-cases/__tests__/UpdateTaskUseCase.test.ts" name="UpdateTaskUseCase &gt; execute &gt; should handle no changes gracefully" time="0.00075475">
        </testcase>
        <testcase classname="src/shared/application/use-cases/__tests__/UpdateTaskUseCase.test.ts" name="UpdateTaskUseCase &gt; execute &gt; should handle repository save failure" time="0.024937709">
            <failure message="expected &apos;TRANSACTION_FAILED&apos; to be &apos;UPDATE_FAILED&apos; // Object.is equality" type="AssertionError">
AssertionError: expected &apos;TRANSACTION_FAILED&apos; to be &apos;UPDATE_FAILED&apos; // Object.is equality

Expected: &quot;UPDATE_FAILED&quot;
Received: &quot;TRANSACTION_FAILED&quot;

 ❯ src/shared/application/use-cases/__tests__/UpdateTaskUseCase.test.ts:329:35
            </failure>
        </testcase>
        <testcase classname="src/shared/application/use-cases/__tests__/UpdateTaskUseCase.test.ts" name="UpdateTaskUseCase &gt; execute &gt; should handle INBOX to other category transition with review event" time="0.001864125">
        </testcase>
    </testsuite>
    <testsuite name="src/shared/domain/events/__tests__/PersistentEventBus.test.ts" timestamp="2025-08-09T13:38:10.839Z" hostname="MacBook-Egor.local" tests="25" failures="7" errors="0" skipped="0" time="3.910695667">
        <testcase classname="src/shared/domain/events/__tests__/PersistentEventBus.test.ts" name="PersistentEventBus &gt; Event Publishing and Storage &gt; should store events in database when published" time="0.1623585">
            <system-out>
Database initialized successfully

            </system-out>
        </testcase>
        <testcase classname="src/shared/domain/events/__tests__/PersistentEventBus.test.ts" name="PersistentEventBus &gt; Event Publishing and Storage &gt; should handle empty event arrays" time="0.13337725">
            <system-out>
Database initialized successfully

            </system-out>
        </testcase>
        <testcase classname="src/shared/domain/events/__tests__/PersistentEventBus.test.ts" name="PersistentEventBus &gt; Event Publishing and Storage &gt; should store multiple events with correct ordering" time="0.135215958">
            <system-out>
Database initialized successfully

            </system-out>
        </testcase>
        <testcase classname="src/shared/domain/events/__tests__/PersistentEventBus.test.ts" name="PersistentEventBus &gt; Event Handler Registration &gt; should register persistent handlers for specific event types" time="0.134267167">
            <system-out>
Database initialized successfully

            </system-out>
        </testcase>
        <testcase classname="src/shared/domain/events/__tests__/PersistentEventBus.test.ts" name="PersistentEventBus &gt; Event Handler Registration &gt; should register global persistent handlers" time="0.131134375">
            <system-out>
Database initialized successfully

            </system-out>
        </testcase>
        <testcase classname="src/shared/domain/events/__tests__/PersistentEventBus.test.ts" name="PersistentEventBus &gt; Event Handler Registration &gt; should unsubscribe handlers correctly" time="0.121793">
            <system-out>
Database initialized successfully

            </system-out>
        </testcase>
        <testcase classname="src/shared/domain/events/__tests__/PersistentEventBus.test.ts" name="PersistentEventBus &gt; Event Processing &gt; should process events with registered handlers" time="0.176270833">
            <system-out>
Database initialized successfully

            </system-out>
            <failure message="expected [ { …(4) }, { …(4) } ] to have a length of 1 but got 2" type="AssertionError">
AssertionError: expected [ { …(4) }, { …(4) } ] to have a length of 1 but got 2

- Expected
+ Received

- 1
+ 2

 ❯ src/shared/domain/events/__tests__/PersistentEventBus.test.ts:177:38
            </failure>
        </testcase>
        <testcase classname="src/shared/domain/events/__tests__/PersistentEventBus.test.ts" name="PersistentEventBus &gt; Event Processing &gt; should maintain per-aggregate ordering" time="0.214750834">
            <system-out>
Database initialized successfully

            </system-out>
            <failure message="expected [ { …(4) }, { …(4) }, { …(4) }, …(1) ] to have a length of 2 but got 4" type="AssertionError">
AssertionError: expected [ { …(4) }, { …(4) }, { …(4) }, …(1) ] to have a length of 2 but got 4

- Expected
+ Received

- 2
+ 4

 ❯ src/shared/domain/events/__tests__/PersistentEventBus.test.ts:208:43
            </failure>
        </testcase>
        <testcase classname="src/shared/domain/events/__tests__/PersistentEventBus.test.ts" name="PersistentEventBus &gt; Event Processing &gt; should process events from different aggregates independently" time="0.174008584">
            <system-out>
Database initialized successfully

            </system-out>
            <failure message="expected [ { …(4) }, { …(4) }, { …(4) }, …(1) ] to have a length of 2 but got 4" type="AssertionError">
AssertionError: expected [ { …(4) }, { …(4) }, { …(4) }, …(1) ] to have a length of 2 but got 4

- Expected
+ Received

- 2
+ 4

 ❯ src/shared/domain/events/__tests__/PersistentEventBus.test.ts:230:43
            </failure>
        </testcase>
        <testcase classname="src/shared/domain/events/__tests__/PersistentEventBus.test.ts" name="PersistentEventBus &gt; Idempotency &gt; should not process the same event twice for the same handler" time="0.165574125">
            <system-out>
Database initialized successfully

            </system-out>
            <failure message="expected [ { …(4) }, { …(4) } ] to have a length of 1 but got 2" type="AssertionError">
AssertionError: expected [ { …(4) }, { …(4) } ] to have a length of 1 but got 2

- Expected
+ Received

- 1
+ 2

 ❯ src/shared/domain/events/__tests__/PersistentEventBus.test.ts:252:38
            </failure>
        </testcase>
        <testcase classname="src/shared/domain/events/__tests__/PersistentEventBus.test.ts" name="PersistentEventBus &gt; Idempotency &gt; should allow different handlers to process the same event" time="0.153310583">
            <system-out>
Database initialized successfully

            </system-out>
            <failure message="expected [ { …(4) }, { …(4) } ] to have a length of 1 but got 2" type="AssertionError">
AssertionError: expected [ { …(4) }, { …(4) } ] to have a length of 1 but got 2

- Expected
+ Received

- 1
+ 2

 ❯ src/shared/domain/events/__tests__/PersistentEventBus.test.ts:278:38
            </failure>
        </testcase>
        <testcase classname="src/shared/domain/events/__tests__/PersistentEventBus.test.ts" name="PersistentEventBus &gt; Retry Logic &gt; should retry failed events with exponential backoff" time="0.165033417">
            <system-out>
Database initialized successfully

            </system-out>
            <failure message="expected [ { …(4) } ] to have a length of +0 but got 1" type="AssertionError">
AssertionError: expected [ { …(4) } ] to have a length of +0 but got 1

- Expected
+ Received

- 0
+ 1

 ❯ src/shared/domain/events/__tests__/PersistentEventBus.test.ts:318:38
            </failure>
        </testcase>
        <testcase classname="src/shared/domain/events/__tests__/PersistentEventBus.test.ts" name="PersistentEventBus &gt; Retry Logic &gt; should move events to dead letter queue after max retries" time="0.423369917">
            <system-out>
Database initialized successfully

            </system-out>
        </testcase>
        <testcase classname="src/shared/domain/events/__tests__/PersistentEventBus.test.ts" name="PersistentEventBus &gt; Retry Logic &gt; should calculate exponential backoff with jitter correctly" time="0.11729025">
            <system-out>
Database initialized successfully

            </system-out>
        </testcase>
        <testcase classname="src/shared/domain/events/__tests__/PersistentEventBus.test.ts" name="PersistentEventBus &gt; Processing Loop &gt; should start and stop processing loop" time="0.120044042">
            <system-out>
Database initialized successfully

Event processing loop started
Event processing loop stopped

            </system-out>
        </testcase>
        <testcase classname="src/shared/domain/events/__tests__/PersistentEventBus.test.ts" name="PersistentEventBus &gt; Processing Loop &gt; should not start multiple processing loops" time="0.127962083">
            <system-out>
Database initialized successfully

Event processing loop started
Event processing loop stopped

            </system-out>
        </testcase>
        <testcase classname="src/shared/domain/events/__tests__/PersistentEventBus.test.ts" name="PersistentEventBus &gt; Processing Loop &gt; should prevent concurrent processing" time="0.162433583">
            <system-out>
Database initialized successfully

            </system-out>
        </testcase>
        <testcase classname="src/shared/domain/events/__tests__/PersistentEventBus.test.ts" name="PersistentEventBus &gt; Processing Statistics &gt; should return correct processing statistics" time="0.139864666">
            <system-out>
Database initialized successfully

            </system-out>
            <failure message="expected +0 to be 1 // Object.is equality" type="AssertionError">
AssertionError: expected +0 to be 1 // Object.is equality

- Expected
+ Received

- 1
+ 0

 ❯ src/shared/domain/events/__tests__/PersistentEventBus.test.ts:474:35
            </failure>
        </testcase>
        <testcase classname="src/shared/domain/events/__tests__/PersistentEventBus.test.ts" name="PersistentEventBus &gt; Locking Mechanism &gt; should use Web Locks API when available" time="0.130997541">
            <system-out>
Database initialized successfully

            </system-out>
        </testcase>
        <testcase classname="src/shared/domain/events/__tests__/PersistentEventBus.test.ts" name="PersistentEventBus &gt; Locking Mechanism &gt; should fallback to database locking when Web Locks API unavailable" time="0.146467875">
            <system-out>
Database initialized successfully

            </system-out>
        </testcase>
        <testcase classname="src/shared/domain/events/__tests__/PersistentEventBus.test.ts" name="PersistentEventBus &gt; Locking Mechanism &gt; should handle lock conflicts in database locking" time="0.128716084">
            <system-out>
Database initialized successfully

            </system-out>
        </testcase>
        <testcase classname="src/shared/domain/events/__tests__/PersistentEventBus.test.ts" name="PersistentEventBus &gt; Locking Mechanism &gt; should clean up expired locks" time="0.149807625">
            <system-out>
Database initialized successfully

            </system-out>
        </testcase>
        <testcase classname="src/shared/domain/events/__tests__/PersistentEventBus.test.ts" name="PersistentEventBus &gt; Event Deserialization &gt; should deserialize events correctly" time="0.14047625">
            <system-out>
Database initialized successfully

            </system-out>
        </testcase>
        <testcase classname="src/shared/domain/events/__tests__/PersistentEventBus.test.ts" name="PersistentEventBus &gt; Aggregate Extraction &gt; should extract aggregate ID from task events" time="0.127651084">
            <system-out>
Database initialized successfully

            </system-out>
        </testcase>
        <testcase classname="src/shared/domain/events/__tests__/PersistentEventBus.test.ts" name="PersistentEventBus &gt; Aggregate Extraction &gt; should handle unknown aggregate types" time="0.124039583">
            <system-out>
Database initialized successfully

            </system-out>
        </testcase>
    </testsuite>
    <testsuite name="src/shared/domain/value-objects/__tests__/DateOnly.test.ts" timestamp="2025-08-09T13:38:10.853Z" hostname="MacBook-Egor.local" tests="23" failures="15" errors="0" skipped="0" time="0.016605875">
        <testcase classname="src/shared/domain/value-objects/__tests__/DateOnly.test.ts" name="DateOnly &gt; constructor &gt; should create DateOnly with valid date string" time="0.001713417">
        </testcase>
        <testcase classname="src/shared/domain/value-objects/__tests__/DateOnly.test.ts" name="DateOnly &gt; constructor &gt; should throw InvalidDateOnlyError for invalid format" time="0.003982333">
            <failure message="[vitest] No &quot;InvalidDateOnlyError&quot; export is defined on the &quot;../shared/domain/value-objects/DateOnly&quot; mock. Did you forget to return it from &quot;vi.mock&quot;?
If you need to partially mock a module, you can use &quot;importOriginal&quot; helper inside:
" type="Error">
Error: [vitest] No &quot;InvalidDateOnlyError&quot; export is defined on the &quot;../shared/domain/value-objects/DateOnly&quot; mock. Did you forget to return it from &quot;vi.mock&quot;?
If you need to partially mock a module, you can use &quot;importOriginal&quot; helper inside:

vi.mock(import(&quot;../shared/domain/value-objects/DateOnly&quot;), async (importOriginal) =&gt; {
  const actual = await importOriginal()
  return {
    ...actual,
    // your mocked methods
  }
})

 ❯ src/shared/domain/value-objects/__tests__/DateOnly.test.ts:13:56
            </failure>
        </testcase>
        <testcase classname="src/shared/domain/value-objects/__tests__/DateOnly.test.ts" name="DateOnly &gt; constructor &gt; should throw InvalidDateOnlyError for empty/null/undefined" time="0.000440625">
            <failure message="[vitest] No &quot;InvalidDateOnlyError&quot; export is defined on the &quot;../shared/domain/value-objects/DateOnly&quot; mock. Did you forget to return it from &quot;vi.mock&quot;?
If you need to partially mock a module, you can use &quot;importOriginal&quot; helper inside:
" type="Error">
Error: [vitest] No &quot;InvalidDateOnlyError&quot; export is defined on the &quot;../shared/domain/value-objects/DateOnly&quot; mock. Did you forget to return it from &quot;vi.mock&quot;?
If you need to partially mock a module, you can use &quot;importOriginal&quot; helper inside:

vi.mock(import(&quot;../shared/domain/value-objects/DateOnly&quot;), async (importOriginal) =&gt; {
  const actual = await importOriginal()
  return {
    ...actual,
    // your mocked methods
  }
})

 ❯ src/shared/domain/value-objects/__tests__/DateOnly.test.ts:22:46
            </failure>
        </testcase>
        <testcase classname="src/shared/domain/value-objects/__tests__/DateOnly.test.ts" name="DateOnly &gt; constructor &gt; should throw InvalidDateOnlyError for invalid dates" time="0.00025725">
            <failure message="[vitest] No &quot;InvalidDateOnlyError&quot; export is defined on the &quot;../shared/domain/value-objects/DateOnly&quot; mock. Did you forget to return it from &quot;vi.mock&quot;?
If you need to partially mock a module, you can use &quot;importOriginal&quot; helper inside:
" type="Error">
Error: [vitest] No &quot;InvalidDateOnlyError&quot; export is defined on the &quot;../shared/domain/value-objects/DateOnly&quot; mock. Did you forget to return it from &quot;vi.mock&quot;?
If you need to partially mock a module, you can use &quot;importOriginal&quot; helper inside:

vi.mock(import(&quot;../shared/domain/value-objects/DateOnly&quot;), async (importOriginal) =&gt; {
  const actual = await importOriginal()
  return {
    ...actual,
    // your mocked methods
  }
})

 ❯ src/shared/domain/value-objects/__tests__/DateOnly.test.ts:30:56
            </failure>
        </testcase>
        <testcase classname="src/shared/domain/value-objects/__tests__/DateOnly.test.ts" name="DateOnly &gt; constructor &gt; should accept leap year dates" time="0.000767791">
            <failure message="[vitest] No &quot;InvalidDateOnlyError&quot; export is defined on the &quot;../shared/domain/value-objects/DateOnly&quot; mock. Did you forget to return it from &quot;vi.mock&quot;?
If you need to partially mock a module, you can use &quot;importOriginal&quot; helper inside:
" type="Error">
Error: [vitest] No &quot;InvalidDateOnlyError&quot; export is defined on the &quot;../shared/domain/value-objects/DateOnly&quot; mock. Did you forget to return it from &quot;vi.mock&quot;?
If you need to partially mock a module, you can use &quot;importOriginal&quot; helper inside:

vi.mock(import(&quot;../shared/domain/value-objects/DateOnly&quot;), async (importOriginal) =&gt; {
  const actual = await importOriginal()
  return {
    ...actual,
    // your mocked methods
  }
})

 ❯ src/shared/domain/value-objects/__tests__/DateOnly.test.ts:38:56
            </failure>
        </testcase>
        <testcase classname="src/shared/domain/value-objects/__tests__/DateOnly.test.ts" name="DateOnly &gt; today &gt; should create DateOnly for current date" time="0.005213917">
            <failure message="expected &apos;2023-12-01&apos; to be &apos;2023-12-25&apos; // Object.is equality" type="AssertionError">
AssertionError: expected &apos;2023-12-01&apos; to be &apos;2023-12-25&apos; // Object.is equality

Expected: &quot;2023-12-25&quot;
Received: &quot;2023-12-01&quot;

 ❯ src/shared/domain/value-objects/__tests__/DateOnly.test.ts:49:27
            </failure>
        </testcase>
        <testcase classname="src/shared/domain/value-objects/__tests__/DateOnly.test.ts" name="DateOnly &gt; fromDate &gt; should create DateOnly from Date object" time="0.000239417">
        </testcase>
        <testcase classname="src/shared/domain/value-objects/__tests__/DateOnly.test.ts" name="DateOnly &gt; fromDate &gt; should handle different timezones correctly" time="0.000062667">
        </testcase>
        <testcase classname="src/shared/domain/value-objects/__tests__/DateOnly.test.ts" name="DateOnly &gt; fromString &gt; should create DateOnly from valid string" time="0.000209542">
        </testcase>
        <testcase classname="src/shared/domain/value-objects/__tests__/DateOnly.test.ts" name="DateOnly &gt; fromString &gt; should throw for invalid string" time="0.000237334">
            <failure message="[vitest] No &quot;InvalidDateOnlyError&quot; export is defined on the &quot;../shared/domain/value-objects/DateOnly&quot; mock. Did you forget to return it from &quot;vi.mock&quot;?
If you need to partially mock a module, you can use &quot;importOriginal&quot; helper inside:
" type="Error">
Error: [vitest] No &quot;InvalidDateOnlyError&quot; export is defined on the &quot;../shared/domain/value-objects/DateOnly&quot; mock. Did you forget to return it from &quot;vi.mock&quot;?
If you need to partially mock a module, you can use &quot;importOriginal&quot; helper inside:

vi.mock(import(&quot;../shared/domain/value-objects/DateOnly&quot;), async (importOriginal) =&gt; {
  const actual = await importOriginal()
  return {
    ...actual,
    // your mocked methods
  }
})

 ❯ src/shared/domain/value-objects/__tests__/DateOnly.test.ts:80:9
            </failure>
        </testcase>
        <testcase classname="src/shared/domain/value-objects/__tests__/DateOnly.test.ts" name="DateOnly &gt; toDate &gt; should convert to Date object at midnight UTC" time="0.000142625">
            <failure message="dateOnly.toDate is not a function" type="TypeError">
TypeError: dateOnly.toDate is not a function
 ❯ src/shared/domain/value-objects/__tests__/DateOnly.test.ts:88:29
            </failure>
        </testcase>
        <testcase classname="src/shared/domain/value-objects/__tests__/DateOnly.test.ts" name="DateOnly &gt; addDays &gt; should add days correctly" time="0.000153958">
            <failure message="dateOnly.addDays is not a function" type="TypeError">
TypeError: dateOnly.addDays is not a function
 ❯ src/shared/domain/value-objects/__tests__/DateOnly.test.ts:103:32
            </failure>
        </testcase>
        <testcase classname="src/shared/domain/value-objects/__tests__/DateOnly.test.ts" name="DateOnly &gt; addDays &gt; should handle month boundaries" time="0.000174">
            <failure message="dateOnly.addDays is not a function" type="TypeError">
TypeError: dateOnly.addDays is not a function
 ❯ src/shared/domain/value-objects/__tests__/DateOnly.test.ts:110:32
            </failure>
        </testcase>
        <testcase classname="src/shared/domain/value-objects/__tests__/DateOnly.test.ts" name="DateOnly &gt; addDays &gt; should handle year boundaries" time="0.000108">
            <failure message="dateOnly.addDays is not a function" type="TypeError">
TypeError: dateOnly.addDays is not a function
 ❯ src/shared/domain/value-objects/__tests__/DateOnly.test.ts:117:32
            </failure>
        </testcase>
        <testcase classname="src/shared/domain/value-objects/__tests__/DateOnly.test.ts" name="DateOnly &gt; subtractDays &gt; should subtract days correctly" time="0.000087">
            <failure message="dateOnly.subtractDays is not a function" type="TypeError">
TypeError: dateOnly.subtractDays is not a function
 ❯ src/shared/domain/value-objects/__tests__/DateOnly.test.ts:126:32
            </failure>
        </testcase>
        <testcase classname="src/shared/domain/value-objects/__tests__/DateOnly.test.ts" name="DateOnly &gt; isBefore &gt; should return true when date is before another" time="0.000088375">
            <failure message="date1.isBefore is not a function" type="TypeError">
TypeError: date1.isBefore is not a function
 ❯ src/shared/domain/value-objects/__tests__/DateOnly.test.ts:137:20
            </failure>
        </testcase>
        <testcase classname="src/shared/domain/value-objects/__tests__/DateOnly.test.ts" name="DateOnly &gt; isBefore &gt; should return false for same dates" time="0.000087875">
            <failure message="date1.isBefore is not a function" type="TypeError">
TypeError: date1.isBefore is not a function
 ❯ src/shared/domain/value-objects/__tests__/DateOnly.test.ts:145:20
            </failure>
        </testcase>
        <testcase classname="src/shared/domain/value-objects/__tests__/DateOnly.test.ts" name="DateOnly &gt; isAfter &gt; should return true when date is after another" time="0.000129125">
            <failure message="date1.isAfter is not a function" type="TypeError">
TypeError: date1.isAfter is not a function
 ❯ src/shared/domain/value-objects/__tests__/DateOnly.test.ts:154:20
            </failure>
        </testcase>
        <testcase classname="src/shared/domain/value-objects/__tests__/DateOnly.test.ts" name="DateOnly &gt; isAfter &gt; should return false for same dates" time="0.000081625">
            <failure message="date1.isAfter is not a function" type="TypeError">
TypeError: date1.isAfter is not a function
 ❯ src/shared/domain/value-objects/__tests__/DateOnly.test.ts:162:20
            </failure>
        </testcase>
        <testcase classname="src/shared/domain/value-objects/__tests__/DateOnly.test.ts" name="DateOnly &gt; daysDifference &gt; should calculate days difference correctly" time="0.000087792">
        </testcase>
        <testcase classname="src/shared/domain/value-objects/__tests__/DateOnly.test.ts" name="DateOnly &gt; daysDifference &gt; should return 0 for same dates" time="0.000105875">
        </testcase>
        <testcase classname="src/shared/domain/value-objects/__tests__/DateOnly.test.ts" name="DateOnly &gt; equals &gt; should return true for same date values" time="0.000043208">
        </testcase>
        <testcase classname="src/shared/domain/value-objects/__tests__/DateOnly.test.ts" name="DateOnly &gt; equals &gt; should return false for different date values" time="0.000034084">
        </testcase>
    </testsuite>
    <testsuite name="src/shared/domain/value-objects/__tests__/NonEmptyTitle.test.ts" timestamp="2025-08-09T13:38:10.863Z" hostname="MacBook-Egor.local" tests="23" failures="19" errors="0" skipped="0" time="0.017559291">
        <testcase classname="src/shared/domain/value-objects/__tests__/NonEmptyTitle.test.ts" name="NonEmptyTitle &gt; constructor &gt; should create NonEmptyTitle with valid string" time="0.000854708">
        </testcase>
        <testcase classname="src/shared/domain/value-objects/__tests__/NonEmptyTitle.test.ts" name="NonEmptyTitle &gt; constructor &gt; should trim whitespace from title" time="0.007013291">
            <failure message="expected &apos;  Trimmed Title  &apos; to be &apos;Trimmed Title&apos; // Object.is equality" type="AssertionError">
AssertionError: expected &apos;  Trimmed Title  &apos; to be &apos;Trimmed Title&apos; // Object.is equality

Expected: &quot;Trimmed Title&quot;
Received: &quot;  Trimmed Title  &quot;

 ❯ src/shared/domain/value-objects/__tests__/NonEmptyTitle.test.ts:15:27
            </failure>
        </testcase>
        <testcase classname="src/shared/domain/value-objects/__tests__/NonEmptyTitle.test.ts" name="NonEmptyTitle &gt; constructor &gt; should throw InvalidTitleError for empty string" time="0.003789084">
            <failure message="[vitest] No &quot;InvalidTitleError&quot; export is defined on the &quot;../shared/domain/value-objects/NonEmptyTitle&quot; mock. Did you forget to return it from &quot;vi.mock&quot;?
If you need to partially mock a module, you can use &quot;importOriginal&quot; helper inside:
" type="Error">
Error: [vitest] No &quot;InvalidTitleError&quot; export is defined on the &quot;../shared/domain/value-objects/NonEmptyTitle&quot; mock. Did you forget to return it from &quot;vi.mock&quot;?
If you need to partially mock a module, you can use &quot;importOriginal&quot; helper inside:

vi.mock(import(&quot;../shared/domain/value-objects/NonEmptyTitle&quot;), async (importOriginal) =&gt; {
  const actual = await importOriginal()
  return {
    ...actual,
    // your mocked methods
  }
})

 ❯ src/shared/domain/value-objects/__tests__/NonEmptyTitle.test.ts:19:51
            </failure>
        </testcase>
        <testcase classname="src/shared/domain/value-objects/__tests__/NonEmptyTitle.test.ts" name="NonEmptyTitle &gt; constructor &gt; should throw InvalidTitleError for whitespace-only string" time="0.000383">
            <failure message="[vitest] No &quot;InvalidTitleError&quot; export is defined on the &quot;../shared/domain/value-objects/NonEmptyTitle&quot; mock. Did you forget to return it from &quot;vi.mock&quot;?
If you need to partially mock a module, you can use &quot;importOriginal&quot; helper inside:
" type="Error">
Error: [vitest] No &quot;InvalidTitleError&quot; export is defined on the &quot;../shared/domain/value-objects/NonEmptyTitle&quot; mock. Did you forget to return it from &quot;vi.mock&quot;?
If you need to partially mock a module, you can use &quot;importOriginal&quot; helper inside:

vi.mock(import(&quot;../shared/domain/value-objects/NonEmptyTitle&quot;), async (importOriginal) =&gt; {
  const actual = await importOriginal()
  return {
    ...actual,
    // your mocked methods
  }
})

 ❯ src/shared/domain/value-objects/__tests__/NonEmptyTitle.test.ts:23:54
            </failure>
        </testcase>
        <testcase classname="src/shared/domain/value-objects/__tests__/NonEmptyTitle.test.ts" name="NonEmptyTitle &gt; constructor &gt; should throw InvalidTitleError for non-string values" time="0.000279042">
            <failure message="[vitest] No &quot;InvalidTitleError&quot; export is defined on the &quot;../shared/domain/value-objects/NonEmptyTitle&quot; mock. Did you forget to return it from &quot;vi.mock&quot;?
If you need to partially mock a module, you can use &quot;importOriginal&quot; helper inside:
" type="Error">
Error: [vitest] No &quot;InvalidTitleError&quot; export is defined on the &quot;../shared/domain/value-objects/NonEmptyTitle&quot; mock. Did you forget to return it from &quot;vi.mock&quot;?
If you need to partially mock a module, you can use &quot;importOriginal&quot; helper inside:

vi.mock(import(&quot;../shared/domain/value-objects/NonEmptyTitle&quot;), async (importOriginal) =&gt; {
  const actual = await importOriginal()
  return {
    ...actual,
    // your mocked methods
  }
})

 ❯ src/shared/domain/value-objects/__tests__/NonEmptyTitle.test.ts:28:60
            </failure>
        </testcase>
        <testcase classname="src/shared/domain/value-objects/__tests__/NonEmptyTitle.test.ts" name="NonEmptyTitle &gt; constructor &gt; should accept single character after trimming" time="0.000508792">
            <failure message="expected &apos; a &apos; to be &apos;a&apos; // Object.is equality" type="AssertionError">
AssertionError: expected &apos; a &apos; to be &apos;a&apos; // Object.is equality

Expected: &quot;a&quot;
Received: &quot; a &quot;

 ❯ src/shared/domain/value-objects/__tests__/NonEmptyTitle.test.ts:39:27
            </failure>
        </testcase>
        <testcase classname="src/shared/domain/value-objects/__tests__/NonEmptyTitle.test.ts" name="NonEmptyTitle &gt; fromString &gt; should create NonEmptyTitle from valid string" time="0.000076417">
        </testcase>
        <testcase classname="src/shared/domain/value-objects/__tests__/NonEmptyTitle.test.ts" name="NonEmptyTitle &gt; fromString &gt; should throw for invalid string" time="0.000223458">
            <failure message="[vitest] No &quot;InvalidTitleError&quot; export is defined on the &quot;../shared/domain/value-objects/NonEmptyTitle&quot; mock. Did you forget to return it from &quot;vi.mock&quot;?
If you need to partially mock a module, you can use &quot;importOriginal&quot; helper inside:
" type="Error">
Error: [vitest] No &quot;InvalidTitleError&quot; export is defined on the &quot;../shared/domain/value-objects/NonEmptyTitle&quot; mock. Did you forget to return it from &quot;vi.mock&quot;?
If you need to partially mock a module, you can use &quot;importOriginal&quot; helper inside:

vi.mock(import(&quot;../shared/domain/value-objects/NonEmptyTitle&quot;), async (importOriginal) =&gt; {
  const actual = await importOriginal()
  return {
    ...actual,
    // your mocked methods
  }
})

 ❯ src/shared/domain/value-objects/__tests__/NonEmptyTitle.test.ts:51:58
            </failure>
        </testcase>
        <testcase classname="src/shared/domain/value-objects/__tests__/NonEmptyTitle.test.ts" name="NonEmptyTitle &gt; length &gt; should return the length of the title" time="0.000639292">
            <failure message="expected undefined to be 11 // Object.is equality" type="AssertionError">
AssertionError: expected undefined to be 11 // Object.is equality

- Expected: 
11

+ Received: 
undefined

 ❯ src/shared/domain/value-objects/__tests__/NonEmptyTitle.test.ts:59:28
            </failure>
        </testcase>
        <testcase classname="src/shared/domain/value-objects/__tests__/NonEmptyTitle.test.ts" name="NonEmptyTitle &gt; length &gt; should return length after trimming" time="0.000273042">
            <failure message="expected undefined to be 5 // Object.is equality" type="AssertionError">
AssertionError: expected undefined to be 5 // Object.is equality

- Expected: 
5

+ Received: 
undefined

 ❯ src/shared/domain/value-objects/__tests__/NonEmptyTitle.test.ts:65:28
            </failure>
        </testcase>
        <testcase classname="src/shared/domain/value-objects/__tests__/NonEmptyTitle.test.ts" name="NonEmptyTitle &gt; contains &gt; should return true when title contains substring (case-insensitive)" time="0.000191208">
            <failure message="title.contains is not a function" type="TypeError">
TypeError: title.contains is not a function
 ❯ src/shared/domain/value-objects/__tests__/NonEmptyTitle.test.ts:73:20
            </failure>
        </testcase>
        <testcase classname="src/shared/domain/value-objects/__tests__/NonEmptyTitle.test.ts" name="NonEmptyTitle &gt; contains &gt; should return false when title does not contain substring" time="0.000106542">
            <failure message="title.contains is not a function" type="TypeError">
TypeError: title.contains is not a function
 ❯ src/shared/domain/value-objects/__tests__/NonEmptyTitle.test.ts:82:20
            </failure>
        </testcase>
        <testcase classname="src/shared/domain/value-objects/__tests__/NonEmptyTitle.test.ts" name="NonEmptyTitle &gt; contains &gt; should handle empty substring" time="0.000152375">
            <failure message="title.contains is not a function" type="TypeError">
TypeError: title.contains is not a function
 ❯ src/shared/domain/value-objects/__tests__/NonEmptyTitle.test.ts:89:20
            </failure>
        </testcase>
        <testcase classname="src/shared/domain/value-objects/__tests__/NonEmptyTitle.test.ts" name="NonEmptyTitle &gt; toUpperCase &gt; should return title in uppercase" time="0.000090042">
            <failure message="title.toUpperCase is not a function" type="TypeError">
TypeError: title.toUpperCase is not a function
 ❯ src/shared/domain/value-objects/__tests__/NonEmptyTitle.test.ts:97:20
            </failure>
        </testcase>
        <testcase classname="src/shared/domain/value-objects/__tests__/NonEmptyTitle.test.ts" name="NonEmptyTitle &gt; toLowerCase &gt; should return title in lowercase" time="0.000078834">
            <failure message="title.toLowerCase is not a function" type="TypeError">
TypeError: title.toLowerCase is not a function
 ❯ src/shared/domain/value-objects/__tests__/NonEmptyTitle.test.ts:105:20
            </failure>
        </testcase>
        <testcase classname="src/shared/domain/value-objects/__tests__/NonEmptyTitle.test.ts" name="NonEmptyTitle &gt; truncate &gt; should return original title when shorter than max length" time="0.000091791">
            <failure message="title.truncate is not a function" type="TypeError">
TypeError: title.truncate is not a function
 ❯ src/shared/domain/value-objects/__tests__/NonEmptyTitle.test.ts:113:20
            </failure>
        </testcase>
        <testcase classname="src/shared/domain/value-objects/__tests__/NonEmptyTitle.test.ts" name="NonEmptyTitle &gt; truncate &gt; should truncate and add ellipsis when longer than max length" time="0.000091458">
            <failure message="title.truncate is not a function" type="TypeError">
TypeError: title.truncate is not a function
 ❯ src/shared/domain/value-objects/__tests__/NonEmptyTitle.test.ts:121:20
            </failure>
        </testcase>
        <testcase classname="src/shared/domain/value-objects/__tests__/NonEmptyTitle.test.ts" name="NonEmptyTitle &gt; truncate &gt; should handle edge case where max length is 3" time="0.000078334">
            <failure message="title.truncate is not a function" type="TypeError">
TypeError: title.truncate is not a function
 ❯ src/shared/domain/value-objects/__tests__/NonEmptyTitle.test.ts:127:20
            </failure>
        </testcase>
        <testcase classname="src/shared/domain/value-objects/__tests__/NonEmptyTitle.test.ts" name="NonEmptyTitle &gt; truncate &gt; should handle max length equal to title length" time="0.000075209">
            <failure message="title.truncate is not a function" type="TypeError">
TypeError: title.truncate is not a function
 ❯ src/shared/domain/value-objects/__tests__/NonEmptyTitle.test.ts:133:20
            </failure>
        </testcase>
        <testcase classname="src/shared/domain/value-objects/__tests__/NonEmptyTitle.test.ts" name="NonEmptyTitle &gt; equals &gt; should return true for titles with same value" time="0.000055167">
        </testcase>
        <testcase classname="src/shared/domain/value-objects/__tests__/NonEmptyTitle.test.ts" name="NonEmptyTitle &gt; equals &gt; should return true for titles with same value after trimming" time="0.000760417">
            <failure message="expected false to be true // Object.is equality" type="AssertionError">
AssertionError: expected false to be true // Object.is equality

- Expected
+ Received

- true
+ false

 ❯ src/shared/domain/value-objects/__tests__/NonEmptyTitle.test.ts:149:37
            </failure>
        </testcase>
        <testcase classname="src/shared/domain/value-objects/__tests__/NonEmptyTitle.test.ts" name="NonEmptyTitle &gt; equals &gt; should return false for titles with different values" time="0.000105917">
        </testcase>
        <testcase classname="src/shared/domain/value-objects/__tests__/NonEmptyTitle.test.ts" name="NonEmptyTitle &gt; toString &gt; should return the title string" time="0.000457375">
            <failure message="expected &apos;[object Object]&apos; to be &apos;Task Title&apos; // Object.is equality" type="AssertionError">
AssertionError: expected &apos;[object Object]&apos; to be &apos;Task Title&apos; // Object.is equality

Expected: &quot;Task Title&quot;
Received: &quot;[object Object]&quot;

 ❯ src/shared/domain/value-objects/__tests__/NonEmptyTitle.test.ts:164:32
            </failure>
        </testcase>
    </testsuite>
    <testsuite name="src/shared/domain/value-objects/__tests__/TaskId.test.ts" timestamp="2025-08-09T13:38:10.872Z" hostname="MacBook-Egor.local" tests="13" failures="7" errors="0" skipped="0" time="0.028335958">
        <testcase classname="src/shared/domain/value-objects/__tests__/TaskId.test.ts" name="TaskId &gt; constructor &gt; should create TaskId with valid ULID" time="0.005289125">
        </testcase>
        <testcase classname="src/shared/domain/value-objects/__tests__/TaskId.test.ts" name="TaskId &gt; constructor &gt; should throw InvalidTaskIdError for empty string" time="0.008906625">
            <failure message="[vitest] No &quot;InvalidTaskIdError&quot; export is defined on the &quot;../shared/domain/value-objects/TaskId&quot; mock. Did you forget to return it from &quot;vi.mock&quot;?
If you need to partially mock a module, you can use &quot;importOriginal&quot; helper inside:
" type="Error">
Error: [vitest] No &quot;InvalidTaskIdError&quot; export is defined on the &quot;../shared/domain/value-objects/TaskId&quot; mock. Did you forget to return it from &quot;vi.mock&quot;?
If you need to partially mock a module, you can use &quot;importOriginal&quot; helper inside:

vi.mock(import(&quot;../shared/domain/value-objects/TaskId&quot;), async (importOriginal) =&gt; {
  const actual = await importOriginal()
  return {
    ...actual,
    // your mocked methods
  }
})

 ❯ src/shared/domain/value-objects/__tests__/TaskId.test.ts:15:44
            </failure>
        </testcase>
        <testcase classname="src/shared/domain/value-objects/__tests__/TaskId.test.ts" name="TaskId &gt; constructor &gt; should throw InvalidTaskIdError for null/undefined" time="0.001016208">
            <failure message="[vitest] No &quot;InvalidTaskIdError&quot; export is defined on the &quot;../shared/domain/value-objects/TaskId&quot; mock. Did you forget to return it from &quot;vi.mock&quot;?
If you need to partially mock a module, you can use &quot;importOriginal&quot; helper inside:
" type="Error">
Error: [vitest] No &quot;InvalidTaskIdError&quot; export is defined on the &quot;../shared/domain/value-objects/TaskId&quot; mock. Did you forget to return it from &quot;vi.mock&quot;?
If you need to partially mock a module, you can use &quot;importOriginal&quot; helper inside:

vi.mock(import(&quot;../shared/domain/value-objects/TaskId&quot;), async (importOriginal) =&gt; {
  const actual = await importOriginal()
  return {
    ...actual,
    // your mocked methods
  }
})

 ❯ src/shared/domain/value-objects/__tests__/TaskId.test.ts:19:53
            </failure>
        </testcase>
        <testcase classname="src/shared/domain/value-objects/__tests__/TaskId.test.ts" name="TaskId &gt; constructor &gt; should throw InvalidTaskIdError for invalid ULID format" time="0.000339917">
            <failure message="[vitest] No &quot;InvalidTaskIdError&quot; export is defined on the &quot;../shared/domain/value-objects/TaskId&quot; mock. Did you forget to return it from &quot;vi.mock&quot;?
If you need to partially mock a module, you can use &quot;importOriginal&quot; helper inside:
" type="Error">
Error: [vitest] No &quot;InvalidTaskIdError&quot; export is defined on the &quot;../shared/domain/value-objects/TaskId&quot; mock. Did you forget to return it from &quot;vi.mock&quot;?
If you need to partially mock a module, you can use &quot;importOriginal&quot; helper inside:

vi.mock(import(&quot;../shared/domain/value-objects/TaskId&quot;), async (importOriginal) =&gt; {
  const actual = await importOriginal()
  return {
    ...actual,
    // your mocked methods
  }
})

 ❯ src/shared/domain/value-objects/__tests__/TaskId.test.ts:24:56
            </failure>
        </testcase>
        <testcase classname="src/shared/domain/value-objects/__tests__/TaskId.test.ts" name="TaskId &gt; constructor &gt; should throw InvalidTaskIdError for non-string values" time="0.000275">
            <failure message="[vitest] No &quot;InvalidTaskIdError&quot; export is defined on the &quot;../shared/domain/value-objects/TaskId&quot; mock. Did you forget to return it from &quot;vi.mock&quot;?
If you need to partially mock a module, you can use &quot;importOriginal&quot; helper inside:
" type="Error">
Error: [vitest] No &quot;InvalidTaskIdError&quot; export is defined on the &quot;../shared/domain/value-objects/TaskId&quot; mock. Did you forget to return it from &quot;vi.mock&quot;?
If you need to partially mock a module, you can use &quot;importOriginal&quot; helper inside:

vi.mock(import(&quot;../shared/domain/value-objects/TaskId&quot;), async (importOriginal) =&gt; {
  const actual = await importOriginal()
  return {
    ...actual,
    // your mocked methods
  }
})

 ❯ src/shared/domain/value-objects/__tests__/TaskId.test.ts:32:52
            </failure>
        </testcase>
        <testcase classname="src/shared/domain/value-objects/__tests__/TaskId.test.ts" name="TaskId &gt; generate &gt; should generate valid TaskId" time="0.00070225">
        </testcase>
        <testcase classname="src/shared/domain/value-objects/__tests__/TaskId.test.ts" name="TaskId &gt; generate &gt; should generate unique TaskIds" time="0.004736583">
        </testcase>
        <testcase classname="src/shared/domain/value-objects/__tests__/TaskId.test.ts" name="TaskId &gt; fromString &gt; should create TaskId from valid ULID string" time="0.000538458">
        </testcase>
        <testcase classname="src/shared/domain/value-objects/__tests__/TaskId.test.ts" name="TaskId &gt; fromString &gt; should throw for invalid ULID string" time="0.000774625">
            <failure message="[vitest] No &quot;InvalidTaskIdError&quot; export is defined on the &quot;../shared/domain/value-objects/TaskId&quot; mock. Did you forget to return it from &quot;vi.mock&quot;?
If you need to partially mock a module, you can use &quot;importOriginal&quot; helper inside:
" type="Error">
Error: [vitest] No &quot;InvalidTaskIdError&quot; export is defined on the &quot;../shared/domain/value-objects/TaskId&quot; mock. Did you forget to return it from &quot;vi.mock&quot;?
If you need to partially mock a module, you can use &quot;importOriginal&quot; helper inside:

vi.mock(import(&quot;../shared/domain/value-objects/TaskId&quot;), async (importOriginal) =&gt; {
  const actual = await importOriginal()
  return {
    ...actual,
    // your mocked methods
  }
})

 ❯ src/shared/domain/value-objects/__tests__/TaskId.test.ts:62:58
            </failure>
        </testcase>
        <testcase classname="src/shared/domain/value-objects/__tests__/TaskId.test.ts" name="TaskId &gt; getTimestamp &gt; should extract timestamp from ULID" time="0.000196042">
            <failure message="taskId.getTimestamp is not a function" type="TypeError">
TypeError: taskId.getTimestamp is not a function
 ❯ src/shared/domain/value-objects/__tests__/TaskId.test.ts:72:32
            </failure>
        </testcase>
        <testcase classname="src/shared/domain/value-objects/__tests__/TaskId.test.ts" name="TaskId &gt; equals &gt; should return true for TaskIds with same value" time="0.000155375">
        </testcase>
        <testcase classname="src/shared/domain/value-objects/__tests__/TaskId.test.ts" name="TaskId &gt; equals &gt; should return false for TaskIds with different values" time="0.000047208">
        </testcase>
        <testcase classname="src/shared/domain/value-objects/__tests__/TaskId.test.ts" name="TaskId &gt; toString &gt; should return the ULID string" time="0.002365042">
            <failure message="expected &apos;[object Object]&apos; to be &apos;01K27GV0TS700FVQANPTG9Z09C&apos; // Object.is equality" type="AssertionError">
[...]
        </testcase>
    </testsuite>
    <testsuite name="src/features/tasks/presentation/components/__tests__/TaskCard.test.tsx" timestamp="2025-08-09T13:38:10.909Z" hostname="MacBook-Egor.local" tests="19" failures="0" errors="0" skipped="19" time="0">
        <testcase classname="src/features/tasks/presentation/components/__tests__/TaskCard.test.tsx" name="TaskCard &gt; Basic Rendering &gt; should render task title and category" time="0">
            <skipped/>
        </testcase>
        <testcase classname="src/features/tasks/presentation/components/__tests__/TaskCard.test.tsx" name="TaskCard &gt; Basic Rendering &gt; should render task metadata" time="0">
            <skipped/>
        </testcase>
        <testcase classname="src/features/tasks/presentation/components/__tests__/TaskCard.test.tsx" name="TaskCard &gt; Basic Rendering &gt; should render action buttons" time="0">
            <skipped/>
        </testcase>
        <testcase classname="src/features/tasks/presentation/components/__tests__/TaskCard.test.tsx" name="TaskCard &gt; Log Display &gt; should show &quot;No logs yet&quot; when no lastLog provided" time="0">
            <skipped/>
        </testcase>
        <testcase classname="src/features/tasks/presentation/components/__tests__/TaskCard.test.tsx" name="TaskCard &gt; Log Display &gt; should display last log preview" time="0">
            <skipped/>
        </testcase>
        <testcase classname="src/features/tasks/presentation/components/__tests__/TaskCard.test.tsx" name="TaskCard &gt; Log Display &gt; should show different icons for different log types" time="0">
            <skipped/>
        </testcase>
        <testcase classname="src/features/tasks/presentation/components/__tests__/TaskCard.test.tsx" name="TaskCard &gt; Log Display &gt; should call onCreateLog when add log button is clicked" time="0">
            <skipped/>
        </testcase>
        <testcase classname="src/features/tasks/presentation/components/__tests__/TaskCard.test.tsx" name="TaskCard &gt; Log History &gt; should toggle log history when expand button is clicked" time="0">
            <skipped/>
        </testcase>
        <testcase classname="src/features/tasks/presentation/components/__tests__/TaskCard.test.tsx" name="TaskCard &gt; Log History &gt; should display loading state when loading logs" time="0">
            <skipped/>
        </testcase>
        <testcase classname="src/features/tasks/presentation/components/__tests__/TaskCard.test.tsx" name="TaskCard &gt; Log History &gt; should display log history when loaded" time="0">
            <skipped/>
        </testcase>
        <testcase classname="src/features/tasks/presentation/components/__tests__/TaskCard.test.tsx" name="TaskCard &gt; Log History &gt; should hide log history when hide button is clicked" time="0">
            <skipped/>
        </testcase>
        <testcase classname="src/features/tasks/presentation/components/__tests__/TaskCard.test.tsx" name="TaskCard &gt; Overdue State &gt; should show overdue indicator when task is overdue" time="0">
            <skipped/>
        </testcase>
        <testcase classname="src/features/tasks/presentation/components/__tests__/TaskCard.test.tsx" name="TaskCard &gt; Overdue State &gt; should apply overdue styling" time="0">
            <skipped/>
        </testcase>
        <testcase classname="src/features/tasks/presentation/components/__tests__/TaskCard.test.tsx" name="TaskCard &gt; Today Selection &gt; should show today button when showTodayButton is true" time="0">
            <skipped/>
        </testcase>
        <testcase classname="src/features/tasks/presentation/components/__tests__/TaskCard.test.tsx" name="TaskCard &gt; Today Selection &gt; should show different icon when task is in today selection" time="0">
            <skipped/>
        </testcase>
        <testcase classname="src/features/tasks/presentation/components/__tests__/TaskCard.test.tsx" name="TaskCard &gt; Completed State &gt; should show revert button for completed tasks" time="0">
            <skipped/>
        </testcase>
        <testcase classname="src/features/tasks/presentation/components/__tests__/TaskCard.test.tsx" name="TaskCard &gt; Completed State &gt; should apply completed styling" time="0">
            <skipped/>
        </testcase>
        <testcase classname="src/features/tasks/presentation/components/__tests__/TaskCard.test.tsx" name="TaskCard &gt; Date Formatting &gt; should format recent dates correctly" time="0">
            <skipped/>
        </testcase>
        <testcase classname="src/features/tasks/presentation/components/__tests__/TaskCard.test.tsx" name="TaskCard &gt; Date Formatting &gt; should show &quot;Just now&quot; for very recent logs" time="0">
            <skipped/>
        </testcase>
    </testsuite>
    <testsuite name="src/features/tasks/presentation/view-models/__tests__/TaskViewModel.test.ts" timestamp="2025-08-09T13:38:10.911Z" hostname="MacBook-Egor.local" tests="24" failures="0" errors="0" skipped="0" time="0.030596792">
        <testcase classname="src/features/tasks/presentation/view-models/__tests__/TaskViewModel.test.ts" name="TaskViewModel &gt; Initial State &gt; should have correct initial state" time="0.008809875">
        </testcase>
        <testcase classname="src/features/tasks/presentation/view-models/__tests__/TaskViewModel.test.ts" name="TaskViewModel &gt; loadTasks &gt; should load tasks successfully" time="0.000857709">
        </testcase>
        <testcase classname="src/features/tasks/presentation/view-models/__tests__/TaskViewModel.test.ts" name="TaskViewModel &gt; loadTasks &gt; should handle loading error" time="0.000364375">
        </testcase>
        <testcase classname="src/features/tasks/presentation/view-models/__tests__/TaskViewModel.test.ts" name="TaskViewModel &gt; loadTasks &gt; should set loading state during operation" time="0.000251875">
        </testcase>
        <testcase classname="src/features/tasks/presentation/view-models/__tests__/TaskViewModel.test.ts" name="TaskViewModel &gt; createTask &gt; should create task successfully" time="0.002047917">
        </testcase>
        <testcase classname="src/features/tasks/presentation/view-models/__tests__/TaskViewModel.test.ts" name="TaskViewModel &gt; createTask &gt; should handle creation error" time="0.000194625">
        </testcase>
        <testcase classname="src/features/tasks/presentation/view-models/__tests__/TaskViewModel.test.ts" name="TaskViewModel &gt; completeTask &gt; should complete task successfully" time="0.00034125">
        </testcase>
        <testcase classname="src/features/tasks/presentation/view-models/__tests__/TaskViewModel.test.ts" name="TaskViewModel &gt; completeTask &gt; should handle completion error" time="0.000330125">
        </testcase>
        <testcase classname="src/features/tasks/presentation/view-models/__tests__/TaskViewModel.test.ts" name="TaskViewModel &gt; updateTask &gt; should update task successfully" time="0.001359833">
        </testcase>
        <testcase classname="src/features/tasks/presentation/view-models/__tests__/TaskViewModel.test.ts" name="TaskViewModel &gt; Computed Properties &gt; getFilteredTasks &gt; should return all active tasks when no filter is applied" time="0.001042166">
        </testcase>
        <testcase classname="src/features/tasks/presentation/view-models/__tests__/TaskViewModel.test.ts" name="TaskViewModel &gt; Computed Properties &gt; getFilteredTasks &gt; should filter by category" time="0.000498584">
        </testcase>
        <testcase classname="src/features/tasks/presentation/view-models/__tests__/TaskViewModel.test.ts" name="TaskViewModel &gt; Computed Properties &gt; getFilteredTasks &gt; should filter by status" time="0.00042925">
        </testcase>
        <testcase classname="src/features/tasks/presentation/view-models/__tests__/TaskViewModel.test.ts" name="TaskViewModel &gt; Computed Properties &gt; getFilteredTasks &gt; should filter overdue tasks" time="0.003034334">
        </testcase>
        <testcase classname="src/features/tasks/presentation/view-models/__tests__/TaskViewModel.test.ts" name="TaskViewModel &gt; Computed Properties &gt; getTasksByCategory &gt; should group active tasks by category" time="0.000401083">
        </testcase>
        <testcase classname="src/features/tasks/presentation/view-models/__tests__/TaskViewModel.test.ts" name="TaskViewModel &gt; Computed Properties &gt; getOverdueTasks &gt; should return overdue inbox tasks" time="0.000297625">
        </testcase>
        <testcase classname="src/features/tasks/presentation/view-models/__tests__/TaskViewModel.test.ts" name="TaskViewModel &gt; Computed Properties &gt; getOverdueTasks &gt; should respect overdueDays setting" time="0.001280333">
        </testcase>
        <testcase classname="src/features/tasks/presentation/view-models/__tests__/TaskViewModel.test.ts" name="TaskViewModel &gt; Computed Properties &gt; getOverdueCount &gt; should return count of overdue tasks" time="0.001255291">
        </testcase>
        <testcase classname="src/features/tasks/presentation/view-models/__tests__/TaskViewModel.test.ts" name="TaskViewModel &gt; Filter Management &gt; should set filter correctly" time="0.000243875">
        </testcase>
        <testcase classname="src/features/tasks/presentation/view-models/__tests__/TaskViewModel.test.ts" name="TaskViewModel &gt; Filter Management &gt; should set overdue days correctly" time="0.000423833">
        </testcase>
        <testcase classname="src/features/tasks/presentation/view-models/__tests__/TaskViewModel.test.ts" name="TaskViewModel &gt; Error Management &gt; should clear error" time="0.000310666">
        </testcase>
        <testcase classname="src/features/tasks/presentation/view-models/__tests__/TaskViewModel.test.ts" name="TaskViewModel &gt; deleteTask &gt; should delete task successfully" time="0.000420458">
        </testcase>
        <testcase classname="src/features/tasks/presentation/view-models/__tests__/TaskViewModel.test.ts" name="TaskViewModel &gt; deleteTask &gt; should handle delete error when task not found" time="0.000359709">
        </testcase>
        <testcase classname="src/features/tasks/presentation/view-models/__tests__/TaskViewModel.test.ts" name="TaskViewModel &gt; getTodayTaskIds &gt; should return today task ids successfully" time="0.000478291">
        </testcase>
        <testcase classname="src/features/tasks/presentation/view-models/__tests__/TaskViewModel.test.ts" name="TaskViewModel &gt; getTodayTaskIds &gt; should handle error when getting today task ids" time="0.00010125">
        </testcase>
    </testsuite>
    <testsuite name="src/features/tasks/presentation/hooks/__tests__/useTaskNote.test.tsx" timestamp="2025-08-09T13:38:10.913Z" hostname="MacBook-Egor.local" tests="1" failures="1" errors="0" skipped="0" time="0">
        <testcase classname="src/features/tasks/presentation/hooks/__tests__/useTaskNote.test.tsx" name="src/features/tasks/presentation/hooks/__tests__/useTaskNote.test.tsx" time="0">
            <failure message="Failed to resolve import &quot;../../../../test/utils/testHelpers&quot; from &quot;src/features/tasks/presentation/hooks/__tests__/useTaskNote.test.tsx&quot;. Does the file exist?" type="Error">
Error: Failed to resolve import &quot;../../../../test/utils/testHelpers&quot; from &quot;src/features/tasks/presentation/hooks/__tests__/useTaskNote.test.tsx&quot;. Does the file exist?
  Plugin: vite:import-analysis
  File: /Users/esmirnov/projects/lift-v2/src/features/tasks/presentation/hooks/__tests__/useTaskNote.test.tsx:5:0
  6  |  const __vi_import_0__ = await import(&quot;@testing-library/react&quot;);
  7  |  const __vi_import_1__ = await import(&quot;../useTaskNote&quot;);
  8  |  const __vi_import_2__ = await import(&quot;../../../../test/utils/testHelpers&quot;);
     |                                       ^
  9  |  
  10 |  import { describe, it, expect, vi, beforeEach } from &quot;vitest&quot;;
 ❯ TransformPluginContext._formatLog node_modules/vitest/node_modules/vite/dist/node/chunks/dep-eRCq8YxU.js:31645:43
 ❯ TransformPluginContext.error node_modules/vitest/node_modules/vite/dist/node/chunks/dep-eRCq8YxU.js:31642:14
 ❯ normalizeUrl node_modules/vitest/node_modules/vite/dist/node/chunks/dep-eRCq8YxU.js:30114:18
 ❯ node_modules/vitest/node_modules/vite/dist/node/chunks/dep-eRCq8YxU.js:30172:32
 ❯ TransformPluginContext.transform node_modules/vitest/node_modules/vite/dist/node/chunks/dep-eRCq8YxU.js:30140:4
 ❯ EnvironmentPluginContainer.transform node_modules/vitest/node_modules/vite/dist/node/chunks/dep-eRCq8YxU.js:31443:14
 ❯ loadAndTransform node_modules/vitest/node_modules/vite/dist/node/chunks/dep-eRCq8YxU.js:26530:26
            </failure>
        </testcase>
    </testsuite>
    <testsuite name="src/features/today/presentation/view-models/__tests__/TodayViewModel.test.ts" timestamp="2025-08-09T13:38:10.913Z" hostname="MacBook-Egor.local" tests="16" failures="0" errors="0" skipped="0" time="0.015420375">
        <testcase classname="src/features/today/presentation/view-models/__tests__/TodayViewModel.test.ts" name="TodayViewModel &gt; Initial State &gt; should have correct initial state" time="0.003106875">
            <system-out>
create today

            </system-out>
        </testcase>
        <testcase classname="src/features/today/presentation/view-models/__tests__/TodayViewModel.test.ts" name="TodayViewModel &gt; loadTodayTasks &gt; should load today&apos;s tasks successfully" time="0.001952334">
            <system-out>
create today

            </system-out>
        </testcase>
        <testcase classname="src/features/today/presentation/view-models/__tests__/TodayViewModel.test.ts" name="TodayViewModel &gt; loadTodayTasks &gt; should handle loading error" time="0.000803458">
            <system-out>
create today

            </system-out>
        </testcase>
        <testcase classname="src/features/today/presentation/view-models/__tests__/TodayViewModel.test.ts" name="TodayViewModel &gt; loadTodayTasks &gt; should set loading state during operation" time="0.000715041">
            <system-out>
create today

            </system-out>
        </testcase>
        <testcase classname="src/features/today/presentation/view-models/__tests__/TodayViewModel.test.ts" name="TodayViewModel &gt; addTaskToToday &gt; should add task to today successfully" time="0.003181167">
            <system-out>
create today

            </system-out>
        </testcase>
        <testcase classname="src/features/today/presentation/view-models/__tests__/TodayViewModel.test.ts" name="TodayViewModel &gt; addTaskToToday &gt; should handle add task error" time="0.000370041">
            <system-out>
create today

            </system-out>
        </testcase>
        <testcase classname="src/features/today/presentation/view-models/__tests__/TodayViewModel.test.ts" name="TodayViewModel &gt; removeTaskFromToday &gt; should remove task from today successfully" time="0.00041125">
            <system-out>
create today

            </system-out>
        </testcase>
        <testcase classname="src/features/today/presentation/view-models/__tests__/TodayViewModel.test.ts" name="TodayViewModel &gt; removeTaskFromToday &gt; should handle remove task error" time="0.000231958">
            <system-out>
create today

            </system-out>
        </testcase>
        <testcase classname="src/features/today/presentation/view-models/__tests__/TodayViewModel.test.ts" name="TodayViewModel &gt; completeTask &gt; should complete task successfully" time="0.000809125">
            <system-out>
create today

            </system-out>
        </testcase>
        <testcase classname="src/features/today/presentation/view-models/__tests__/TodayViewModel.test.ts" name="TodayViewModel &gt; completeTask &gt; should handle complete task error" time="0.000195375">
            <system-out>
create today

            </system-out>
        </testcase>
        <testcase classname="src/features/today/presentation/view-models/__tests__/TodayViewModel.test.ts" name="TodayViewModel &gt; Computed Properties &gt; getActiveTasks &gt; should return active tasks that are not completed in selection" time="0.000647709">
            <system-out>
create today

            </system-out>
        </testcase>
        <testcase classname="src/features/today/presentation/view-models/__tests__/TodayViewModel.test.ts" name="TodayViewModel &gt; Computed Properties &gt; getCompletedTasks &gt; should return tasks that are completed in selection or completed in general" time="0.000390541">
            <system-out>
create today

            </system-out>
        </testcase>
        <testcase classname="src/features/today/presentation/view-models/__tests__/TodayViewModel.test.ts" name="TodayViewModel &gt; Computed Properties &gt; isToday &gt; should return true when current date is today" time="0.000243791">
            <system-out>
create today

            </system-out>
        </testcase>
        <testcase classname="src/features/today/presentation/view-models/__tests__/TodayViewModel.test.ts" name="TodayViewModel &gt; Computed Properties &gt; isToday &gt; should return false when current date is not today" time="0.00022575">
            <system-out>
create today

            </system-out>
        </testcase>
        <testcase classname="src/features/today/presentation/view-models/__tests__/TodayViewModel.test.ts" name="TodayViewModel &gt; Error Management &gt; should clear error" time="0.000101375">
            <system-out>
create today

            </system-out>
        </testcase>
        <testcase classname="src/features/today/presentation/view-models/__tests__/TodayViewModel.test.ts" name="TodayViewModel &gt; refreshToday &gt; should reload today&apos;s tasks" time="0.000257041">
            <system-out>
create today

            </system-out>
        </testcase>
    </testsuite>
    <testsuite name="src/features/today/presentation/components/__tests__/TodayView.test.tsx" timestamp="2025-08-09T13:38:10.915Z" hostname="MacBook-Egor.local" tests="8" failures="0" errors="0" skipped="8" time="0">
        <testcase classname="src/features/today/presentation/components/__tests__/TodayView.test.tsx" name="TodayView &gt; should render empty state when no tasks are selected" time="0">
            <skipped/>
        </testcase>
        <testcase classname="src/features/today/presentation/components/__tests__/TodayView.test.tsx" name="TodayView &gt; should render tasks when they are loaded" time="0">
            <skipped/>
        </testcase>
        <testcase classname="src/features/today/presentation/components/__tests__/TodayView.test.tsx" name="TodayView &gt; should show loading state" time="0">
            <skipped/>
        </testcase>
        <testcase classname="src/features/today/presentation/components/__tests__/TodayView.test.tsx" name="TodayView &gt; should show error state" time="0">
            <skipped/>
        </testcase>
        <testcase classname="src/features/today/presentation/components/__tests__/TodayView.test.tsx" name="TodayView &gt; should display correct stats" time="0">
            <skipped/>
        </testcase>
        <testcase classname="src/features/today/presentation/components/__tests__/TodayView.test.tsx" name="TodayView &gt; should show progress bar when there are tasks" time="0">
            <skipped/>
        </testcase>
        <testcase classname="src/features/today/presentation/components/__tests__/TodayView.test.tsx" name="TodayView &gt; should handle task removal from today selection" time="0">
            <skipped/>
        </testcase>
        <testcase classname="src/features/today/presentation/components/__tests__/TodayView.test.tsx" name="TodayView &gt; should show tasks with correct today selection state" time="0">
            <skipped/>
        </testcase>
    </testsuite>
</testsuites>
